This file contains any messages produced by compilers while
running configure, to aid debugging if configure makes a mistake.

It was created by google-authenticator configure 1.01, which was
generated by GNU Autoconf 2.69.  Invocation command line was

  $ ./configure 

## --------- ##
## Platform. ##
## --------- ##

hostname = Bens-MacBook-Pro
uname -m = x86_64
uname -r = 15.4.0
uname -s = Darwin
uname -v = Darwin Kernel Version 15.4.0: Fri Feb 26 22:08:05 PST 2016; root:xnu-3248.40.184~3/RELEASE_X86_64

/usr/bin/uname -p = i386
/bin/uname -X     = unknown

/bin/arch              = unknown
/usr/bin/arch -k       = unknown
/usr/convex/getsysinfo = unknown
/usr/bin/hostinfo      = Mach kernel version:
	 Darwin Kernel Version 15.4.0: Fri Feb 26 22:08:05 PST 2016; root:xnu-3248.40.184~3/RELEASE_X86_64
Kernel configured for up to 8 processors.
4 processors are physically available.
8 processors are logically available.
Processor type: x86_64h (Intel x86-64h Haswell)
Processors active: 0 1 2 3 4 5 6 7
Primary memory available: 16.00 gigabytes
Default processor set: 297 tasks, 1514 threads, 8 processors
Load average: 1.49, Mach factor: 6.49
/bin/machine           = unknown
/usr/bin/oslevel       = unknown
/bin/universe          = unknown

PATH: /usr/local/octave/3.8.0/bin
PATH: /Library/Frameworks/Python.framework/Versions/3.5/bin
PATH: /usr/bin
PATH: /bin
PATH: /usr/sbin
PATH: /sbin
PATH: /usr/local/bin
PATH: /opt/X11/bin
PATH: /Applications/Server.app/Contents/ServerRoot/usr/bin
PATH: /Applications/Server.app/Contents/ServerRoot/usr/sbin
PATH: /usr/texbin


## ----------- ##
## Core tests. ##
## ----------- ##

configure:2299: checking for gcc
configure:2315: found /usr/bin/gcc
configure:2326: result: gcc
configure:2555: checking for C compiler version
configure:2564: gcc --version >&5
Apple LLVM version 7.3.0 (clang-703.0.31)
Target: x86_64-apple-darwin15.4.0
Thread model: posix
InstalledDir: /Applications/Xcode.app/Contents/Developer/Toolchains/XcodeDefault.xctoolchain/usr/bin
Configured with: --prefix=/Applications/Xcode.app/Contents/Developer/usr --with-gxx-include-dir=/usr/include/c++/4.2.1
configure:2575: $? = 0
configure:2564: gcc -v >&5
Configured with: --prefix=/Applications/Xcode.app/Contents/Developer/usr --with-gxx-include-dir=/usr/include/c++/4.2.1
Apple LLVM version 7.3.0 (clang-703.0.31)
Target: x86_64-apple-darwin15.4.0
Thread model: posix
InstalledDir: /Applications/Xcode.app/Contents/Developer/Toolchains/XcodeDefault.xctoolchain/usr/bin
configure:2575: $? = 0
configure:2564: gcc -V >&5
clang: error: argument to '-V' is missing (expected 1 value)
clang: error: no input files
configure:2575: $? = 1
configure:2564: gcc -qversion >&5
clang: error: unknown argument: '-qversion'
clang: error: no input files
configure:2575: $? = 1
configure:2595: checking whether the C compiler works
configure:2617: gcc    conftest.c  >&5
configure:2621: $? = 0
configure:2669: result: yes
configure:2672: checking for C compiler default output file name
configure:2674: result: a.out
configure:2680: checking for suffix of executables
configure:2687: gcc -o conftest    conftest.c  >&5
configure:2691: $? = 0
configure:2713: result: 
configure:2735: checking whether we are cross compiling
configure:2743: gcc -o conftest    conftest.c  >&5
configure:2747: $? = 0
configure:2754: ./conftest
configure:2758: $? = 0
configure:2773: result: no
configure:2778: checking for suffix of object files
configure:2800: gcc -c   conftest.c >&5
configure:2804: $? = 0
configure:2825: result: o
configure:2829: checking whether we are using the GNU C compiler
configure:2848: gcc -c   conftest.c >&5
configure:2848: $? = 0
configure:2857: result: yes
configure:2866: checking whether gcc accepts -g
configure:2886: gcc -c -g  conftest.c >&5
configure:2886: $? = 0
configure:2927: result: yes
configure:2944: checking for gcc option to accept ISO C89
configure:3007: gcc  -c -g -O2  conftest.c >&5
configure:3007: $? = 0
configure:3020: result: none needed
configure:3045: checking whether gcc understands -c and -o together
configure:3067: gcc -c conftest.c -o conftest2.o
configure:3070: $? = 0
configure:3067: gcc -c conftest.c -o conftest2.o
configure:3070: $? = 0
configure:3082: result: yes
configure:3105: checking how to run the C preprocessor
configure:3136: gcc -E  conftest.c
configure:3136: $? = 0
configure:3150: gcc -E  conftest.c
conftest.c:9:10: fatal error: 'ac_nonexistent.h' file not found
#include <ac_nonexistent.h>
         ^
1 error generated.
configure:3150: $? = 1
configure: failed program was:
| /* confdefs.h */
| #define PACKAGE_NAME "google-authenticator"
| #define PACKAGE_TARNAME "google-authenticator"
| #define PACKAGE_VERSION "1.01"
| #define PACKAGE_STRING "google-authenticator 1.01"
| #define PACKAGE_BUGREPORT "habets@google.com"
| #define PACKAGE_URL ""
| /* end confdefs.h.  */
| #include <ac_nonexistent.h>
configure:3175: result: gcc -E
configure:3195: gcc -E  conftest.c
configure:3195: $? = 0
configure:3209: gcc -E  conftest.c
conftest.c:9:10: fatal error: 'ac_nonexistent.h' file not found
#include <ac_nonexistent.h>
         ^
1 error generated.
configure:3209: $? = 1
configure: failed program was:
| /* confdefs.h */
| #define PACKAGE_NAME "google-authenticator"
| #define PACKAGE_TARNAME "google-authenticator"
| #define PACKAGE_VERSION "1.01"
| #define PACKAGE_STRING "google-authenticator 1.01"
| #define PACKAGE_BUGREPORT "habets@google.com"
| #define PACKAGE_URL ""
| /* end confdefs.h.  */
| #include <ac_nonexistent.h>
configure:3238: checking for grep that handles long lines and -e
configure:3296: result: /usr/local/octave/3.8.0/bin/grep
configure:3301: checking for egrep
configure:3363: result: /usr/local/octave/3.8.0/bin/grep -E
configure:3368: checking for ANSI C header files
configure:3388: gcc -c -g -O2  conftest.c >&5
configure:3388: $? = 0
configure:3461: gcc -o conftest -g -O2   conftest.c  >&5
configure:3461: $? = 0
configure:3461: ./conftest
configure:3461: $? = 0
configure:3472: result: yes
configure:3485: checking for sys/types.h
configure:3485: gcc -c -g -O2  conftest.c >&5
configure:3485: $? = 0
configure:3485: result: yes
configure:3485: checking for sys/stat.h
configure:3485: gcc -c -g -O2  conftest.c >&5
configure:3485: $? = 0
configure:3485: result: yes
configure:3485: checking for stdlib.h
configure:3485: gcc -c -g -O2  conftest.c >&5
configure:3485: $? = 0
configure:3485: result: yes
configure:3485: checking for string.h
configure:3485: gcc -c -g -O2  conftest.c >&5
configure:3485: $? = 0
configure:3485: result: yes
configure:3485: checking for memory.h
configure:3485: gcc -c -g -O2  conftest.c >&5
configure:3485: $? = 0
configure:3485: result: yes
configure:3485: checking for strings.h
configure:3485: gcc -c -g -O2  conftest.c >&5
configure:3485: $? = 0
configure:3485: result: yes
configure:3485: checking for inttypes.h
configure:3485: gcc -c -g -O2  conftest.c >&5
configure:3485: $? = 0
configure:3485: result: yes
configure:3485: checking for stdint.h
configure:3485: gcc -c -g -O2  conftest.c >&5
configure:3485: $? = 0
configure:3485: result: yes
configure:3485: checking for unistd.h
configure:3485: gcc -c -g -O2  conftest.c >&5
configure:3485: $? = 0
configure:3485: result: yes
configure:3498: checking minix/config.h usability
configure:3498: gcc -c -g -O2  conftest.c >&5
conftest.c:52:10: fatal error: 'minix/config.h' file not found
#include <minix/config.h>
         ^
1 error generated.
configure:3498: $? = 1
configure: failed program was:
| /* confdefs.h */
| #define PACKAGE_NAME "google-authenticator"
| #define PACKAGE_TARNAME "google-authenticator"
| #define PACKAGE_VERSION "1.01"
| #define PACKAGE_STRING "google-authenticator 1.01"
| #define PACKAGE_BUGREPORT "habets@google.com"
| #define PACKAGE_URL ""
| #define STDC_HEADERS 1
| #define HAVE_SYS_TYPES_H 1
| #define HAVE_SYS_STAT_H 1
| #define HAVE_STDLIB_H 1
| #define HAVE_STRING_H 1
| #define HAVE_MEMORY_H 1
| #define HAVE_STRINGS_H 1
| #define HAVE_INTTYPES_H 1
| #define HAVE_STDINT_H 1
| #define HAVE_UNISTD_H 1
| /* end confdefs.h.  */
| #include <stdio.h>
| #ifdef HAVE_SYS_TYPES_H
| # include <sys/types.h>
| #endif
| #ifdef HAVE_SYS_STAT_H
| # include <sys/stat.h>
| #endif
| #ifdef STDC_HEADERS
| # include <stdlib.h>
| # include <stddef.h>
| #else
| # ifdef HAVE_STDLIB_H
| #  include <stdlib.h>
| # endif
| #endif
| #ifdef HAVE_STRING_H
| # if !defined STDC_HEADERS && defined HAVE_MEMORY_H
| #  include <memory.h>
| # endif
| # include <string.h>
| #endif
| #ifdef HAVE_STRINGS_H
| # include <strings.h>
| #endif
| #ifdef HAVE_INTTYPES_H
| # include <inttypes.h>
| #endif
| #ifdef HAVE_STDINT_H
| # include <stdint.h>
| #endif
| #ifdef HAVE_UNISTD_H
| # include <unistd.h>
| #endif
| #include <minix/config.h>
configure:3498: result: no
configure:3498: checking minix/config.h presence
configure:3498: gcc -E  conftest.c
conftest.c:19:10: fatal error: 'minix/config.h' file not found
#include <minix/config.h>
         ^
1 error generated.
configure:3498: $? = 1
configure: failed program was:
| /* confdefs.h */
| #define PACKAGE_NAME "google-authenticator"
| #define PACKAGE_TARNAME "google-authenticator"
| #define PACKAGE_VERSION "1.01"
| #define PACKAGE_STRING "google-authenticator 1.01"
| #define PACKAGE_BUGREPORT "habets@google.com"
| #define PACKAGE_URL ""
| #define STDC_HEADERS 1
| #define HAVE_SYS_TYPES_H 1
| #define HAVE_SYS_STAT_H 1
| #define HAVE_STDLIB_H 1
| #define HAVE_STRING_H 1
| #define HAVE_MEMORY_H 1
| #define HAVE_STRINGS_H 1
| #define HAVE_INTTYPES_H 1
| #define HAVE_STDINT_H 1
| #define HAVE_UNISTD_H 1
| /* end confdefs.h.  */
| #include <minix/config.h>
configure:3498: result: no
configure:3498: checking for minix/config.h
configure:3498: result: no
configure:3519: checking whether it is safe to define __EXTENSIONS__
configure:3537: gcc -c -g -O2  conftest.c >&5
configure:3537: $? = 0
configure:3544: result: yes
configure:3574: checking for a BSD-compatible install
configure:3642: result: /usr/bin/install -c
configure:3653: checking whether build environment is sane
configure:3708: result: yes
configure:3856: checking for a thread-safe mkdir -p
configure:3895: result: build/install-sh -c -d
configure:3902: checking for gawk
configure:3918: found /usr/local/octave/3.8.0/bin/gawk
configure:3929: result: gawk
configure:3940: checking whether make sets $(MAKE)
configure:3962: result: yes
configure:3992: checking for style of include used by make
configure:4020: result: GNU
configure:4054: checking whether make supports nested variables
configure:4071: result: yes
configure:4156: checking dependency style of gcc
configure:4267: result: gcc3
configure:4325: checking whether to enable maintainer-specific portions of Makefiles
configure:4334: result: yes
configure:4377: checking build system type
configure:4391: result: x86_64-apple-darwin15.4.0
configure:4411: checking host system type
configure:4424: result: x86_64-apple-darwin15.4.0
configure:4465: checking how to print strings
configure:4492: result: printf
configure:4513: checking for a sed that does not truncate output
configure:4577: result: /usr/local/octave/3.8.0/bin/gsed
configure:4595: checking for fgrep
configure:4657: result: /usr/local/octave/3.8.0/bin/grep -F
configure:4692: checking for ld used by gcc
configure:4759: result: /Applications/Xcode.app/Contents/Developer/Toolchains/XcodeDefault.xctoolchain/usr/bin/ld
configure:4766: checking if the linker (/Applications/Xcode.app/Contents/Developer/Toolchains/XcodeDefault.xctoolchain/usr/bin/ld) is GNU ld
configure:4781: result: no
configure:4793: checking for BSD- or MS-compatible name lister (nm)
configure:4842: result: /usr/bin/nm -B
configure:4972: checking the name lister (/usr/bin/nm -B) interface
configure:4979: gcc -c -g -O2  conftest.c >&5
configure:4982: /usr/bin/nm -B "conftest.o"
configure:4985: output
00000000000001f4 S _some_variable
configure:4992: result: BSD nm
configure:4995: checking whether ln -s works
configure:4999: result: yes
configure:5007: checking the maximum length of command line arguments
configure:5137: result: 196608
configure:5154: checking whether the shell understands some XSI constructs
configure:5164: result: yes
configure:5168: checking whether the shell understands "+="
configure:5174: result: yes
configure:5209: checking how to convert x86_64-apple-darwin15.4.0 file names to x86_64-apple-darwin15.4.0 format
configure:5249: result: func_convert_file_noop
configure:5256: checking how to convert x86_64-apple-darwin15.4.0 file names to toolchain format
configure:5276: result: func_convert_file_noop
configure:5283: checking for /Applications/Xcode.app/Contents/Developer/Toolchains/XcodeDefault.xctoolchain/usr/bin/ld option to reload object files
configure:5290: result: -r
configure:5364: checking for objdump
configure:5394: result: no
configure:5423: checking how to recognize dependent libraries
configure:5625: result: pass_all
configure:5710: checking for dlltool
configure:5740: result: no
configure:5770: checking how to associate runtime and link libraries
configure:5797: result: printf %s\n
configure:5857: checking for ar
configure:5873: found /usr/local/octave/3.8.0/bin/ar
configure:5884: result: ar
configure:5921: checking for archiver @FILE support
configure:5938: gcc -c -g -O2  conftest.c >&5
configure:5938: $? = 0
configure:5941: ar cru libconftest.a @conftest.lst >&5
ar: @conftest.lst: No such file or directory
configure:5944: $? = 1
configure:5964: result: no
configure:6022: checking for strip
configure:6038: found /usr/local/octave/3.8.0/bin/strip
configure:6049: result: strip
configure:6121: checking for ranlib
configure:6137: found /usr/local/octave/3.8.0/bin/ranlib
configure:6148: result: ranlib
configure:6250: checking command to parse /usr/bin/nm -B output from gcc object
configure:6370: gcc -c -g -O2  conftest.c >&5
configure:6373: $? = 0
configure:6377: /usr/bin/nm -B conftest.o \| sed -n -e 's/^.*[ ]\([BCDEGRST][BCDEGRST]*\)[ ][ ]*\([_A-Za-z][_A-Za-z0-9]*\)$/\1 \2 \2/p' | sed '/ __gnu_lto/d' \> conftest.nm
configure:6380: $? = 0
cannot find nm_test_var in conftest.nm
configure:6370: gcc -c -g -O2  conftest.c >&5
configure:6373: $? = 0
configure:6377: /usr/bin/nm -B conftest.o \| sed -n -e 's/^.*[ ]\([BCDEGRST][BCDEGRST]*\)[ ][ ]*_\([_A-Za-z][_A-Za-z0-9]*\)$/\1 _\2 \2/p' | sed '/ __gnu_lto/d' \> conftest.nm
configure:6380: $? = 0
configure:6446: gcc -o conftest -g -O2   conftest.c conftstm.o >&5
warning: (x86_64)  could not find object file symbol for symbol _main
configure:6449: $? = 0
configure:6487: result: ok
configure:6524: checking for sysroot
configure:6554: result: no
configure:6810: checking for mt
configure:6840: result: no
configure:6860: checking if : is a manifest tool
configure:6866: : '-?'
configure:6874: result: no
configure:6930: checking for dsymutil
configure:6946: found /usr/bin/dsymutil
configure:6957: result: dsymutil
configure:7022: checking for nmedit
configure:7038: found /usr/local/octave/3.8.0/bin/nmedit
configure:7049: result: nmedit
configure:7114: checking for lipo
configure:7130: found /usr/local/octave/3.8.0/bin/lipo
configure:7141: result: lipo
configure:7206: checking for otool
configure:7222: found /usr/local/octave/3.8.0/bin/otool
configure:7233: result: otool
configure:7298: checking for otool64
configure:7328: result: no
configure:7373: checking for -single_module linker flag
gcc -g -O2  -o libconftest.dylib -dynamiclib -Wl,-single_module conftest.c
configure:7406: result: yes
configure:7409: checking for -exported_symbols_list linker flag
configure:7429: gcc -o conftest -g -O2   -Wl,-exported_symbols_list,conftest.sym conftest.c  >&5
configure:7429: $? = 0
configure:7439: result: yes
configure:7442: checking for -force_load linker flag
gcc -g -O2 -c -o conftest.o conftest.c
ar cru libconftest.a conftest.o
ranlib libconftest.a
gcc -g -O2  -o conftest conftest.c -Wl,-force_load,./libconftest.a
configure:7474: result: yes
configure:7513: checking for dlfcn.h
configure:7513: gcc -c -g -O2  conftest.c >&5
configure:7513: $? = 0
configure:7513: result: yes
configure:7719: checking for objdir
configure:7734: result: .libs
configure:8005: checking if gcc supports -fno-rtti -fno-exceptions
configure:8023: gcc -c -g -O2  -fno-rtti -fno-exceptions conftest.c >&5
configure:8027: $? = 0
configure:8040: result: yes
configure:8367: checking for gcc option to produce PIC
configure:8374: result: -fno-common -DPIC
configure:8382: checking if gcc PIC flag -fno-common -DPIC works
configure:8400: gcc -c -g -O2  -fno-common -DPIC -DPIC conftest.c >&5
configure:8404: $? = 0
configure:8417: result: yes
configure:8446: checking if gcc static flag -static works
configure:8474: result: no
configure:8489: checking if gcc supports -c -o file.o
configure:8510: gcc -c -g -O2  -o out/conftest2.o conftest.c >&5
configure:8514: $? = 0
configure:8536: result: yes
configure:8544: checking if gcc supports -c -o file.o
configure:8591: result: yes
configure:8624: checking whether the gcc linker (/Applications/Xcode.app/Contents/Developer/Toolchains/XcodeDefault.xctoolchain/usr/bin/ld) supports shared libraries
configure:9777: result: yes
configure:10017: checking dynamic linker characteristics
configure:10750: result: darwin15.4.0 dyld
configure:10857: checking how to hardcode library paths into programs
configure:10882: result: immediate
configure:11422: checking whether stripping libraries is possible
configure:11436: result: yes
configure:11462: checking if libtool supports shared libraries
configure:11464: result: yes
configure:11467: checking whether to build shared libraries
configure:11488: result: yes
configure:11491: checking whether to build static libraries
configure:11495: result: yes
configure:11580: checking for gcc
configure:11607: result: gcc
configure:11836: checking for C compiler version
configure:11845: gcc --version >&5
Apple LLVM version 7.3.0 (clang-703.0.31)
Target: x86_64-apple-darwin15.4.0
Thread model: posix
InstalledDir: /Applications/Xcode.app/Contents/Developer/Toolchains/XcodeDefault.xctoolchain/usr/bin
Configured with: --prefix=/Applications/Xcode.app/Contents/Developer/usr --with-gxx-include-dir=/usr/include/c++/4.2.1
configure:11856: $? = 0
configure:11845: gcc -v >&5
Configured with: --prefix=/Applications/Xcode.app/Contents/Developer/usr --with-gxx-include-dir=/usr/include/c++/4.2.1
Apple LLVM version 7.3.0 (clang-703.0.31)
Target: x86_64-apple-darwin15.4.0
Thread model: posix
InstalledDir: /Applications/Xcode.app/Contents/Developer/Toolchains/XcodeDefault.xctoolchain/usr/bin
configure:11856: $? = 0
configure:11845: gcc -V >&5
clang: error: argument to '-V' is missing (expected 1 value)
clang: error: no input files
configure:11856: $? = 1
configure:11845: gcc -qversion >&5
clang: error: unknown argument: '-qversion'
clang: error: no input files
configure:11856: $? = 1
configure:11860: checking whether we are using the GNU C compiler
configure:11888: result: yes
configure:11897: checking whether gcc accepts -g
configure:11958: result: yes
configure:11975: checking for gcc option to accept ISO C89
configure:12051: result: none needed
configure:12076: checking whether gcc understands -c and -o together
configure:12113: result: yes
configure:12134: checking for gcc option to accept ISO C99
configure:12283: gcc  -c -g -O2  conftest.c >&5
configure:12283: $? = 0
configure:12296: result: none needed
configure:12404: checking for gcc option to accept ISO Standard C
configure:12415: result: none needed
configure:12425: checking sys/fsuid.h usability
configure:12425: gcc -c -g -O2  conftest.c >&5
conftest.c:61:10: fatal error: 'sys/fsuid.h' file not found
#include <sys/fsuid.h>
         ^
1 error generated.
configure:12425: $? = 1
configure: failed program was:
| /* confdefs.h */
| #define PACKAGE_NAME "google-authenticator"
| #define PACKAGE_TARNAME "google-authenticator"
| #define PACKAGE_VERSION "1.01"
| #define PACKAGE_STRING "google-authenticator 1.01"
| #define PACKAGE_BUGREPORT "habets@google.com"
| #define PACKAGE_URL ""
| #define STDC_HEADERS 1
| #define HAVE_SYS_TYPES_H 1
| #define HAVE_SYS_STAT_H 1
| #define HAVE_STDLIB_H 1
| #define HAVE_STRING_H 1
| #define HAVE_MEMORY_H 1
| #define HAVE_STRINGS_H 1
| #define HAVE_INTTYPES_H 1
| #define HAVE_STDINT_H 1
| #define HAVE_UNISTD_H 1
| #define __EXTENSIONS__ 1
| #define _ALL_SOURCE 1
| #define _GNU_SOURCE 1
| #define _POSIX_PTHREAD_SEMANTICS 1
| #define _TANDEM_SOURCE 1
| #define PACKAGE "google-authenticator"
| #define VERSION "1.01"
| #define HAVE_DLFCN_H 1
| #define LT_OBJDIR ".libs/"
| /* end confdefs.h.  */
| #include <stdio.h>
| #ifdef HAVE_SYS_TYPES_H
| # include <sys/types.h>
| #endif
| #ifdef HAVE_SYS_STAT_H
| # include <sys/stat.h>
| #endif
| #ifdef STDC_HEADERS
| # include <stdlib.h>
| # include <stddef.h>
| #else
| # ifdef HAVE_STDLIB_H
| #  include <stdlib.h>
| # endif
| #endif
| #ifdef HAVE_STRING_H
| # if !defined STDC_HEADERS && defined HAVE_MEMORY_H
| #  include <memory.h>
| # endif
| # include <string.h>
| #endif
| #ifdef HAVE_STRINGS_H
| # include <strings.h>
| #endif
| #ifdef HAVE_INTTYPES_H
| # include <inttypes.h>
| #endif
| #ifdef HAVE_STDINT_H
| # include <stdint.h>
| #endif
| #ifdef HAVE_UNISTD_H
| # include <unistd.h>
| #endif
| #include <sys/fsuid.h>
configure:12425: result: no
configure:12425: checking sys/fsuid.h presence
configure:12425: gcc -E  conftest.c
conftest.c:28:10: fatal error: 'sys/fsuid.h' file not found
#include <sys/fsuid.h>
         ^
1 error generated.
configure:12425: $? = 1
configure: failed program was:
| /* confdefs.h */
| #define PACKAGE_NAME "google-authenticator"
| #define PACKAGE_TARNAME "google-authenticator"
| #define PACKAGE_VERSION "1.01"
| #define PACKAGE_STRING "google-authenticator 1.01"
| #define PACKAGE_BUGREPORT "habets@google.com"
| #define PACKAGE_URL ""
| #define STDC_HEADERS 1
| #define HAVE_SYS_TYPES_H 1
| #define HAVE_SYS_STAT_H 1
| #define HAVE_STDLIB_H 1
| #define HAVE_STRING_H 1
| #define HAVE_MEMORY_H 1
| #define HAVE_STRINGS_H 1
| #define HAVE_INTTYPES_H 1
| #define HAVE_STDINT_H 1
| #define HAVE_UNISTD_H 1
| #define __EXTENSIONS__ 1
| #define _ALL_SOURCE 1
| #define _GNU_SOURCE 1
| #define _POSIX_PTHREAD_SEMANTICS 1
| #define _TANDEM_SOURCE 1
| #define PACKAGE "google-authenticator"
| #define VERSION "1.01"
| #define HAVE_DLFCN_H 1
| #define LT_OBJDIR ".libs/"
| /* end confdefs.h.  */
| #include <sys/fsuid.h>
configure:12425: result: no
configure:12425: checking for sys/fsuid.h
configure:12425: result: no
configure:12437: checking for setfsuid
configure:12437: gcc -o conftest -g -O2   conftest.c  >&5
Undefined symbols for architecture x86_64:
  "_setfsuid", referenced from:
      _main in conftest-9edde1.o
ld: symbol(s) not found for architecture x86_64
clang: error: linker command failed with exit code 1 (use -v to see invocation)
configure:12437: $? = 1
configure: failed program was:
| /* confdefs.h */
| #define PACKAGE_NAME "google-authenticator"
| #define PACKAGE_TARNAME "google-authenticator"
| #define PACKAGE_VERSION "1.01"
| #define PACKAGE_STRING "google-authenticator 1.01"
| #define PACKAGE_BUGREPORT "habets@google.com"
| #define PACKAGE_URL ""
| #define STDC_HEADERS 1
| #define HAVE_SYS_TYPES_H 1
| #define HAVE_SYS_STAT_H 1
| #define HAVE_STDLIB_H 1
| #define HAVE_STRING_H 1
| #define HAVE_MEMORY_H 1
| #define HAVE_STRINGS_H 1
| #define HAVE_INTTYPES_H 1
| #define HAVE_STDINT_H 1
| #define HAVE_UNISTD_H 1
| #define __EXTENSIONS__ 1
| #define _ALL_SOURCE 1
| #define _GNU_SOURCE 1
| #define _POSIX_PTHREAD_SEMANTICS 1
| #define _TANDEM_SOURCE 1
| #define PACKAGE "google-authenticator"
| #define VERSION "1.01"
| #define HAVE_DLFCN_H 1
| #define LT_OBJDIR ".libs/"
| /* end confdefs.h.  */
| /* Define setfsuid to an innocuous variant, in case <limits.h> declares setfsuid.
|    For example, HP-UX 11i <limits.h> declares gettimeofday.  */
| #define setfsuid innocuous_setfsuid
| 
| /* System header to define __stub macros and hopefully few prototypes,
|     which can conflict with char setfsuid (); below.
|     Prefer <limits.h> to <assert.h> if __STDC__ is defined, since
|     <limits.h> exists even on freestanding compilers.  */
| 
| #ifdef __STDC__
| # include <limits.h>
| #else
| # include <assert.h>
| #endif
| 
| #undef setfsuid
| 
| /* Override any GCC internal prototype to avoid an error.
|    Use char because int might match the return type of a GCC
|    builtin and then its argument prototype would still apply.  */
| #ifdef __cplusplus
| extern "C"
| #endif
| char setfsuid ();
| /* The GNU C library defines this for functions which it implements
|     to always fail with ENOSYS.  Some functions are actually named
|     something starting with __ and the normal name is an alias.  */
| #if defined __stub_setfsuid || defined __stub___setfsuid
| choke me
| #endif
| 
| int
| main ()
| {
| return setfsuid ();
|   ;
|   return 0;
| }
configure:12437: result: no
configure:12453: checking for security/pam_appl.h
configure:12453: gcc -c -g -O2  conftest.c >&5
configure:12453: $? = 0
configure:12453: result: yes
configure:12469: checking for security/pam_modules.h
configure:12469: gcc -c -g -O2  conftest.c >&5
configure:12469: $? = 0
configure:12469: result: yes
configure:12480: checking for pam_get_user in -lpam
configure:12505: gcc -o conftest -g -O2   conftest.c -lpam   >&5
configure:12505: $? = 0
configure:12514: result: yes
configure:12527: checking whether certain PAM functions require const arguments
configure:12561: gcc -c -g -O2  conftest.c >&5
configure:12561: $? = 0
configure:12565: result: yes
configure:12582: checking for library containing dlopen
configure:12613: gcc -o conftest -g -O2   conftest.c  >&5
configure:12613: $? = 0
configure:12630: result: none required
configure:12752: checking that generated files are newer than configure
configure:12758: result: done
configure:12785: creating ./config.status

## ---------------------- ##
## Running config.status. ##
## ---------------------- ##

This file was extended by google-authenticator config.status 1.01, which was
generated by GNU Autoconf 2.69.  Invocation command line was

  CONFIG_FILES    = 
  CONFIG_HEADERS  = 
  CONFIG_LINKS    = 
  CONFIG_COMMANDS = 
  $ ./config.status 

on Bens-MacBook-Pro

config.status:1088: creating Makefile
config.status:1088: creating contrib/rpm.spec
config.status:1088: creating config.h
config.status:1317: executing depfiles commands
config.status:1317: executing libtool commands

## ---------------- ##
## Cache variables. ##
## ---------------- ##

ac_cv_build=x86_64-apple-darwin15.4.0
ac_cv_c_compiler_gnu=yes
ac_cv_env_CC_set=
ac_cv_env_CC_value=
ac_cv_env_CFLAGS_set=
ac_cv_env_CFLAGS_value=
ac_cv_env_CPPFLAGS_set=
ac_cv_env_CPPFLAGS_value=
ac_cv_env_CPP_set=
ac_cv_env_CPP_value=
ac_cv_env_LDFLAGS_set=
ac_cv_env_LDFLAGS_value=
ac_cv_env_LIBS_set=
ac_cv_env_LIBS_value=
ac_cv_env_build_alias_set=
ac_cv_env_build_alias_value=
ac_cv_env_host_alias_set=
ac_cv_env_host_alias_value=
ac_cv_env_target_alias_set=
ac_cv_env_target_alias_value=
ac_cv_func_setfsuid=no
ac_cv_header_dlfcn_h=yes
ac_cv_header_inttypes_h=yes
ac_cv_header_memory_h=yes
ac_cv_header_minix_config_h=no
ac_cv_header_security_pam_appl_h=yes
ac_cv_header_security_pam_modules_h=yes
ac_cv_header_stdc=yes
ac_cv_header_stdint_h=yes
ac_cv_header_stdlib_h=yes
ac_cv_header_string_h=yes
ac_cv_header_strings_h=yes
ac_cv_header_sys_fsuid_h=no
ac_cv_header_sys_stat_h=yes
ac_cv_header_sys_types_h=yes
ac_cv_header_unistd_h=yes
ac_cv_host=x86_64-apple-darwin15.4.0
ac_cv_lib_pam_pam_get_user=yes
ac_cv_objext=o
ac_cv_path_EGREP='/usr/local/octave/3.8.0/bin/grep -E'
ac_cv_path_FGREP='/usr/local/octave/3.8.0/bin/grep -F'
ac_cv_path_GREP=/usr/local/octave/3.8.0/bin/grep
ac_cv_path_SED=/usr/local/octave/3.8.0/bin/gsed
ac_cv_path_install='/usr/bin/install -c'
ac_cv_prog_AWK=gawk
ac_cv_prog_CPP='gcc -E'
ac_cv_prog_ac_ct_AR=ar
ac_cv_prog_ac_ct_CC=gcc
ac_cv_prog_ac_ct_DSYMUTIL=dsymutil
ac_cv_prog_ac_ct_LIPO=lipo
ac_cv_prog_ac_ct_NMEDIT=nmedit
ac_cv_prog_ac_ct_OTOOL=otool
ac_cv_prog_ac_ct_RANLIB=ranlib
ac_cv_prog_ac_ct_STRIP=strip
ac_cv_prog_cc_c89=
ac_cv_prog_cc_c99=
ac_cv_prog_cc_g=yes
ac_cv_prog_cc_stdc=
ac_cv_prog_make_make_set=yes
ac_cv_safe_to_define___extensions__=yes
ac_cv_search_dlopen='none required'
am_cv_CC_dependencies_compiler_type=gcc3
am_cv_make_support_nested_variables=yes
am_cv_prog_cc_c_o=yes
lt_cv_apple_cc_single_mod=yes
lt_cv_ar_at_file=no
lt_cv_deplibs_check_method=pass_all
lt_cv_file_magic_cmd='$MAGIC_CMD'
lt_cv_file_magic_test_file=
lt_cv_ld_exported_symbols_list=yes
lt_cv_ld_force_load=yes
lt_cv_ld_reload_flag=-r
lt_cv_nm_interface='BSD nm'
lt_cv_objdir=.libs
lt_cv_path_LD=/Applications/Xcode.app/Contents/Developer/Toolchains/XcodeDefault.xctoolchain/usr/bin/ld
lt_cv_path_NM='/usr/bin/nm -B'
lt_cv_path_mainfest_tool=no
lt_cv_prog_compiler_c_o=yes
lt_cv_prog_compiler_pic='-fno-common -DPIC'
lt_cv_prog_compiler_pic_works=yes
lt_cv_prog_compiler_rtti_exceptions=yes
lt_cv_prog_compiler_static_works=no
lt_cv_prog_gnu_ld=no
lt_cv_sharedlib_from_linklib_cmd='printf %s\n'
lt_cv_sys_global_symbol_pipe='sed -n -e '\''s/^.*[	 ]\([BCDEGRST][BCDEGRST]*\)[	 ][	 ]*_\([_A-Za-z][_A-Za-z0-9]*\)$/\1 _\2 \2/p'\'' | sed '\''/ __gnu_lto/d'\'''
lt_cv_sys_global_symbol_to_c_name_address='sed -n -e '\''s/^: \([^ ]*\)[ ]*$/  {\"\1\", (void *) 0},/p'\'' -e '\''s/^[BCDEGRST]* \([^ ]*\) \([^ ]*\)$/  {"\2", (void *) \&\2},/p'\'''
lt_cv_sys_global_symbol_to_c_name_address_lib_prefix='sed -n -e '\''s/^: \([^ ]*\)[ ]*$/  {\"\1\", (void *) 0},/p'\'' -e '\''s/^[BCDEGRST]* \([^ ]*\) \(lib[^ ]*\)$/  {"\2", (void *) \&\2},/p'\'' -e '\''s/^[BCDEGRST]* \([^ ]*\) \([^ ]*\)$/  {"lib\2", (void *) \&\2},/p'\'''
lt_cv_sys_global_symbol_to_cdecl='sed -n -e '\''s/^T .* \(.*\)$/extern int \1();/p'\'' -e '\''s/^[BCDEGRST]* .* \(.*\)$/extern char \1;/p'\'''
lt_cv_sys_max_cmd_len=196608
lt_cv_to_host_file_cmd=func_convert_file_noop
lt_cv_to_tool_file_cmd=func_convert_file_noop

## ----------------- ##
## Output variables. ##
## ----------------- ##

ACLOCAL='${SHELL} /Users/ben/google-authenticator/libpam/build/missing aclocal-1.14'
AMDEPBACKSLASH='\'
AMDEP_FALSE='#'
AMDEP_TRUE=''
AMTAR='$${TAR-tar}'
AM_BACKSLASH='\'
AM_DEFAULT_V='$(AM_DEFAULT_VERBOSITY)'
AM_DEFAULT_VERBOSITY='1'
AM_V='$(V)'
AR='ar'
AUTOCONF='${SHELL} /Users/ben/google-authenticator/libpam/build/missing autoconf'
AUTOHEADER='${SHELL} /Users/ben/google-authenticator/libpam/build/missing autoheader'
AUTOMAKE='${SHELL} /Users/ben/google-authenticator/libpam/build/missing automake-1.14'
AWK='gawk'
CC='gcc'
CCDEPMODE='depmode=gcc3'
CFLAGS='-g -O2'
CPP='gcc -E'
CPPFLAGS=''
CYGPATH_W='echo'
DEFS='-DHAVE_CONFIG_H'
DEPDIR='.deps'
DLLTOOL='false'
DSYMUTIL='dsymutil'
DUMPBIN=''
ECHO_C='\c'
ECHO_N=''
ECHO_T=''
EGREP='/usr/local/octave/3.8.0/bin/grep -E'
EXEEXT=''
FGREP='/usr/local/octave/3.8.0/bin/grep -F'
GREP='/usr/local/octave/3.8.0/bin/grep'
INSTALL_DATA='${INSTALL} -m 644'
INSTALL_PROGRAM='${INSTALL}'
INSTALL_SCRIPT='${INSTALL}'
INSTALL_STRIP_PROGRAM='$(install_sh) -c -s'
LD='/Applications/Xcode.app/Contents/Developer/Toolchains/XcodeDefault.xctoolchain/usr/bin/ld'
LDFLAGS=''
LIBOBJS=''
LIBS=''
LIBTOOL='$(SHELL) $(top_builddir)/libtool'
LIPO='lipo'
LN_S='ln -s'
LTLIBOBJS=''
MAINT=''
MAINTAINER_MODE_FALSE='#'
MAINTAINER_MODE_TRUE=''
MAKEINFO='${SHELL} /Users/ben/google-authenticator/libpam/build/missing makeinfo'
MANIFEST_TOOL=':'
MKDIR_P='build/install-sh -c -d'
NM='/usr/bin/nm -B'
NMEDIT='nmedit'
OBJDUMP='false'
OBJEXT='o'
OTOOL64=':'
OTOOL='otool'
PACKAGE='google-authenticator'
PACKAGE_BUGREPORT='habets@google.com'
PACKAGE_NAME='google-authenticator'
PACKAGE_STRING='google-authenticator 1.01'
PACKAGE_TARNAME='google-authenticator'
PACKAGE_URL=''
PACKAGE_VERSION='1.01'
PATH_SEPARATOR=':'
RANLIB='ranlib'
SED='/usr/local/octave/3.8.0/bin/gsed'
SET_MAKE=''
SHELL='/bin/sh'
STRIP='strip'
VERSION='1.01'
ac_ct_AR='ar'
ac_ct_CC='gcc'
ac_ct_DUMPBIN=''
am__EXEEXT_FALSE=''
am__EXEEXT_TRUE='#'
am__fastdepCC_FALSE='#'
am__fastdepCC_TRUE=''
am__include='include'
am__isrc=''
am__leading_dot='.'
am__nodep='_no'
am__quote=''
am__tar='$${TAR-tar} chof - "$$tardir"'
am__untar='$${TAR-tar} xf -'
bindir='${exec_prefix}/bin'
build='x86_64-apple-darwin15.4.0'
build_alias=''
build_cpu='x86_64'
build_os='darwin15.4.0'
build_vendor='apple'
datadir='${datarootdir}'
datarootdir='${prefix}/share'
docdir='${datarootdir}/doc/${PACKAGE_TARNAME}'
dvidir='${docdir}'
exec_prefix='${prefix}'
host='x86_64-apple-darwin15.4.0'
host_alias=''
host_cpu='x86_64'
host_os='darwin15.4.0'
host_vendor='apple'
htmldir='${docdir}'
includedir='${prefix}/include'
infodir='${datarootdir}/info'
install_sh='${SHELL} /Users/ben/google-authenticator/libpam/build/install-sh'
libdir='${exec_prefix}/lib'
libexecdir='${exec_prefix}/libexec'
localedir='${datarootdir}/locale'
localstatedir='${prefix}/var'
mandir='${datarootdir}/man'
mkdir_p='$(MKDIR_P)'
oldincludedir='/usr/include'
pdfdir='${docdir}'
prefix='/usr/local'
program_transform_name='s,x,x,'
psdir='${docdir}'
sbindir='${exec_prefix}/sbin'
sharedstatedir='${prefix}/com'
sysconfdir='${prefix}/etc'
target_alias=''

## ----------- ##
## confdefs.h. ##
## ----------- ##

/* confdefs.h */
#define PACKAGE_NAME "google-authenticator"
#define PACKAGE_TARNAME "google-authenticator"
#define PACKAGE_VERSION "1.01"
#define PACKAGE_STRING "google-authenticator 1.01"
#define PACKAGE_BUGREPORT "habets@google.com"
#define PACKAGE_URL ""
#define STDC_HEADERS 1
#define HAVE_SYS_TYPES_H 1
#define HAVE_SYS_STAT_H 1
#define HAVE_STDLIB_H 1
#define HAVE_STRING_H 1
#define HAVE_MEMORY_H 1
#define HAVE_STRINGS_H 1
#define HAVE_INTTYPES_H 1
#define HAVE_STDINT_H 1
#define HAVE_UNISTD_H 1
#define __EXTENSIONS__ 1
#define _ALL_SOURCE 1
#define _GNU_SOURCE 1
#define _POSIX_PTHREAD_SEMANTICS 1
#define _TANDEM_SOURCE 1
#define PACKAGE "google-authenticator"
#define VERSION "1.01"
#define HAVE_DLFCN_H 1
#define LT_OBJDIR ".libs/"
#define HAVE_SECURITY_PAM_APPL_H 1
#define PAM_CONST const

configure: exit 0
